# IPython log file

data1.sel(phi=0.28, method="nearest").S.plot()
data1.sel(phi=0.38, method="nearest").S.plot()
data1.sel(phi=0.48, method="nearest").S.plot()
from arpes.io import example_data
data1 = example_data.cut
data1.S.plot()
data1.spectrum
data1.sel(eV=slice(-0.2, 0)).S.plot()
data1.sel(eV=slice(-0.2, 0), phi=slice(0.25, .3)).S.plot()
# .sel accepts any number of dimensions specified by a slice
get_ipython().run_line_magic('matplotlib', 'inline')
data1.sel(eV=slice(-0.2, 0)).S.plot()
# get the EDC nearly at the gamma point
data1.sel(phi=0.28, method="nearest").S.plot()
data1.sel(eV=slice(-0.2, 0)).S.plot()
data1.sel(eV=slice(-0.2, 0), phi=slice(0.25, .3)).S.plot()
# .sel accepts any number of dimensions specified by a slice
get_ipython().run_line_magic('matplotlib', 'inline')
data1.sel(eV=slice(-0.2, 0)).S.plot()
# get the EDC nearly at the gamma point
data1.sel(phi=0.28, method="nearest").S.plot()
data1.sel(phi=0.28, method="nearest").S.plot()
data1.sel(phi=0.38, method="nearest").S.plot()
data1.sel(phi=0.48, method="nearest").S.plot()
data1.spectrum
data1.sel(eV=slice(-0.2, 0)).S.plot()
data1.sel(eV=slice(-0.2, 0), phi=slice(0.25, .3)).S.plot()
# .sel accepts any number of dimensions specified by a slice
get_ipython().run_line_magic('matplotlib', 'inline')
data1.sel(eV=slice(-0.2, 0)).S.plot()
# get the EDC nearly at the gamma point
data1.sel(phi=0.28, method="nearest").S.plot()
data1.sel(phi=0.28, method="nearest").S.plot()
data1.sel(phi=0.38, method="nearest").S.plot()
data1.sel(phi=0.48, method="nearest").S.plot()
